### Custom WaveView ADV log file, revision O-2018.09 (build Aug 27, ) ###
### created at 16:51:00 on Mon Sep 22 2025 (Linux AMD64) ###
### Host Name: husynposyseng   User ID: mohammed   PID: 13214   ###
wv_start_log
# (0) running in waveview only mode
# (0) SW_SX_PERL_LIB defined
# (0) SW_SX_TCL_LIB defined
# (0) HOME defined
wv_move_window {Custom WaveView} {} 60 83
wv_select_window {Custom WaveView} 
wv_press_tool_button {Custom WaveView} {} {OpenWaveform0} 
wv_select_dialog {FileDialog} 
wv_select_list_item {FileDialog} {} {FileList} {nmos.sw0} 6
wv_select_dialog {FileDialog} 
wv_dclick_list_item {FileDialog} {} {FileList} {nmos.sw0} 6
wv_select_tree_item {Custom WaveView} {} {hierview} {D0:nmos.sw0(0)} {0} {+sep=@}
wv_select_tree_item {Custom WaveView} {} {hierview} {D0:nmos.sw0(0)} {0} {+sep=@}
wv_expand_tree_item {Custom WaveView} {} {hierview} {D0:nmos.sw0(0)} {+sep=@}
wv_select_tree_item {Custom WaveView} {} {hierview} {D0:nmos.sw0(0)} {0} {+sep=@}
wv_select_tree_item {Custom WaveView} {} {hierview} {D0:nmos.sw0(0)@toplevel(0)} {0} {+sep=@}
wv_select_waveview 1 {waveview 1}
wv_release_wv_item WV1 473 186
wv_select_list_item {Custom WaveView} {} {sigview} {i(vds)} 1
wv_select_list_item {Custom WaveView} {} {sigview} {i(vds)} 1
wv_dclick_list_item {Custom WaveView} {} {sigview} {i(vds)} 1
wv_select_list_item {Custom WaveView} {} {sigview} {mmn.i(main)} 4
wv_dclick_list_item {Custom WaveView} {} {sigview} {mmn.i(main)} 4
wv_select_waveview 1 {waveview 1}
wv_select_wv_item WV1.PANEL1:1.LEGEND
wv_select_panel WV1.PANEL1:1.LEGEND
wv_press_key Delete 313 220
wv_select_window {Custom WaveView} 
wv_select_dialog {Confirmation} 
wv_press_button {Confirmation} {} {Ok} 
wv_resize_browser {Custom WaveView} {} {WV.Browser} 250 428
wv_resize_browser {Custom WaveView} {} {waveview 1:1} 651 402
wv_resize_window {Custom WaveView} 911 571
wv_resize_browser {Custom WaveView} {} {WV.Browser} 250 450
wv_resize_browser {Custom WaveView} {} {waveview 1:1} 680 424
wv_resize_window {Custom WaveView} 940 593
wv_resize_browser {Custom WaveView} {} {WV.Browser} 250 493
wv_resize_browser {Custom WaveView} {} {waveview 1:1} 749 467
wv_resize_window {Custom WaveView} 1009 636
wv_resize_browser {Custom WaveView} {} {WV.Browser} 250 519
wv_resize_browser {Custom WaveView} {} {waveview 1:1} 783 493
wv_resize_window {Custom WaveView} 1043 662
wv_resize_browser {Custom WaveView} {} {WV.Browser} 250 548
wv_resize_browser {Custom WaveView} {} {waveview 1:1} 816 522
wv_resize_window {Custom WaveView} 1076 691
wv_resize_browser {Custom WaveView} {} {WV.Browser} 250 549
wv_resize_browser {Custom WaveView} {} {waveview 1:1} 818 523
wv_resize_window {Custom WaveView} 1078 692
wv_resize_browser {Custom WaveView} {} {WV.Browser} 250 567
wv_resize_browser {Custom WaveView} {} {waveview 1:1} 927 541
wv_resize_window {Custom WaveView} 1187 710
wv_resize_browser {Custom WaveView} {} {waveview 1:1} 928 541
wv_resize_window {Custom WaveView} 1188 710
wv_resize_browser {Custom WaveView} {} {waveview 1:1} 929 541
wv_resize_window {Custom WaveView} 1189 710
wv_resize_browser {Custom WaveView} {} {WV.Browser} 250 568
wv_resize_browser {Custom WaveView} {} {waveview 1:1} 933 542
wv_resize_window {Custom WaveView} 1193 711
wv_resize_browser {Custom WaveView} {} {WV.Browser} 250 569
wv_resize_browser {Custom WaveView} {} {waveview 1:1} 938 543
wv_resize_window {Custom WaveView} 1198 712
wv_resize_browser {Custom WaveView} {} {waveview 1:1} 961 543
wv_resize_window {Custom WaveView} 1221 712
wv_resize_browser {Custom WaveView} {} {waveview 1:1} 962 543
wv_resize_window {Custom WaveView} 1222 712
wv_resize_browser {Custom WaveView} {} {WV.Browser} 250 571
wv_resize_browser {Custom WaveView} {} {waveview 1:1} 968 545
wv_resize_window {Custom WaveView} 1228 714
wv_resize_browser {Custom WaveView} {} {WV.Browser} 250 575
wv_resize_browser {Custom WaveView} {} {waveview 1:1} 985 549
wv_resize_window {Custom WaveView} 1245 718
wv_resize_browser {Custom WaveView} {} {waveview 1:1} 986 549
wv_resize_window {Custom WaveView} 1246 718
wv_resize_browser {Custom WaveView} {} {WV.Browser} 250 576
wv_resize_browser {Custom WaveView} {} {waveview 1:1} 986 550
wv_resize_window {Custom WaveView} 1246 719
wv_move_window {Custom WaveView} {} 139 88
